The system is: Linux - 5.13.5-200.fc34.x86_64 - x86_64
Compiling the C compiler identification source file "CMakeCCompilerId.c" succeeded.
Compiler: /usr/lib64/ccache/cc 
Build flags: 
Id flags:  

The output was:
0


Compilation of the C compiler identification source "CMakeCCompilerId.c" produced "a.out"

The C compiler identification is GNU, found in "/home/except/Prj/My/Lessons/Algorithms/Lesson2/cmake-build-debug/CMakeFiles/3.17.5/CompilerIdC/a.out"

Compiling the CXX compiler identification source file "CMakeCXXCompilerId.cpp" succeeded.
Compiler: /usr/lib64/ccache/c++ 
Build flags: 
Id flags:  

The output was:
0


Compilation of the CXX compiler identification source "CMakeCXXCompilerId.cpp" produced "a.out"

The CXX compiler identification is GNU, found in "/home/except/Prj/My/Lessons/Algorithms/Lesson2/cmake-build-debug/CMakeFiles/3.17.5/CompilerIdCXX/a.out"

Determining if the C compiler works passed with the following output:
Change Dir: /home/except/Prj/My/Lessons/Algorithms/Lesson2/cmake-build-debug/CMakeFiles/CMakeTmp

Run Build Command(s):/usr/bin/gmake cmTC_7b69f/fast && /usr/bin/gmake  -f CMakeFiles/cmTC_7b69f.dir/build.make CMakeFiles/cmTC_7b69f.dir/build
gmake[1]: вход в каталог «/home/except/Prj/My/Lessons/Algorithms/Lesson2/cmake-build-debug/CMakeFiles/CMakeTmp»
Building C object CMakeFiles/cmTC_7b69f.dir/testCCompiler.c.o
/usr/lib64/ccache/cc    -o CMakeFiles/cmTC_7b69f.dir/testCCompiler.c.o   -c /home/except/Prj/My/Lessons/Algorithms/Lesson2/cmake-build-debug/CMakeFiles/CMakeTmp/testCCompiler.c
Linking C executable cmTC_7b69f
/home/except/.local/share/JetBrains/Toolbox/apps/CLion/ch-0/203.8084.11/bin/cmake/linux/bin/cmake -E cmake_link_script CMakeFiles/cmTC_7b69f.dir/link.txt --verbose=1
/usr/lib64/ccache/cc      CMakeFiles/cmTC_7b69f.dir/testCCompiler.c.o  -o cmTC_7b69f 
gmake[1]: выход из каталога «/home/except/Prj/My/Lessons/Algorithms/Lesson2/cmake-build-debug/CMakeFiles/CMakeTmp»



Detecting C compiler ABI info compiled with the following output:
Change Dir: /home/except/Prj/My/Lessons/Algorithms/Lesson2/cmake-build-debug/CMakeFiles/CMakeTmp

Run Build Command(s):/usr/bin/gmake cmTC_7bec8/fast && /usr/bin/gmake  -f CMakeFiles/cmTC_7bec8.dir/build.make CMakeFiles/cmTC_7bec8.dir/build
gmake[1]: Entering directory '/home/except/Prj/My/Lessons/Algorithms/Lesson2/cmake-build-debug/CMakeFiles/CMakeTmp'
Building C object CMakeFiles/cmTC_7bec8.dir/CMakeCCompilerABI.c.o
/usr/lib64/ccache/cc   -v -o CMakeFiles/cmTC_7bec8.dir/CMakeCCompilerABI.c.o   -c /home/except/.local/share/JetBrains/Toolbox/apps/CLion/ch-0/203.8084.11/bin/cmake/linux/share/cmake-3.17/Modules/CMakeCCompilerABI.c
Using built-in specs.
COLLECT_GCC=/usr/bin/cc
OFFLOAD_TARGET_NAMES=nvptx-none
OFFLOAD_TARGET_DEFAULT=1
Target: x86_64-redhat-linux
Configured with: ../configure --enable-bootstrap --enable-languages=c,c++,fortran,objc,obj-c++,ada,go,d,lto --prefix=/usr --mandir=/usr/share/man --infodir=/usr/share/info --with-bugurl=http://bugzilla.redhat.com/bugzilla --enable-shared --enable-threads=posix --enable-checking=release --enable-multilib --with-system-zlib --enable-__cxa_atexit --disable-libunwind-exceptions --enable-gnu-unique-object --enable-linker-build-id --with-gcc-major-version-only --with-linker-hash-style=gnu --enable-plugin --enable-initfini-array --with-isl=/builddir/build/BUILD/gcc-11.1.1-20210531/obj-x86_64-redhat-linux/isl-install --enable-offload-targets=nvptx-none --without-cuda-driver --enable-gnu-indirect-function --enable-cet --with-tune=generic --with-arch_32=i686 --build=x86_64-redhat-linux
Thread model: posix
Supported LTO compression algorithms: zlib zstd
gcc version 11.1.1 20210531 (Red Hat 11.1.1-3) (GCC) 
COLLECT_GCC_OPTIONS='-fdiagnostics-color=always' '-v' '-c' '-o' 'CMakeFiles/cmTC_8830c.dir/CMakeCCompilerABI.c.o' '-mtune=generic' '-march=x86-64' '-dumpdir' 'CMakeFiles/cmTC_8830c.dir/'
 /usr/libexec/gcc/x86_64-redhat-linux/11/cc1 -quiet -v /home/except/.local/share/JetBrains/Toolbox/apps/CLion/ch-0/203.8084.11/bin/cmake/linux/share/cmake-3.17/Modules/CMakeCCompilerABI.c -quiet -dumpdir CMakeFiles/cmTC_8830c.dir/ -dumpbase CMakeCCompilerABI.c.c -dumpbase-ext .c -mtune=generic -march=x86-64 -version -fdiagnostics-color=always -o /tmp/ccA7u4uQ.s
GNU C17 (GCC) version 11.1.1 20210531 (Red Hat 11.1.1-3) (x86_64-redhat-linux)
	compiled by GNU C version 11.1.1 20210531 (Red Hat 11.1.1-3), GMP version 6.2.0, MPFR version 4.1.0-p13, MPC version 1.2.1, isl version isl-0.18-GMP

GGC heuristics: --param ggc-min-expand=100 --param ggc-min-heapsize=131072
ignoring nonexistent directory "/usr/lib/gcc/x86_64-redhat-linux/11/include-fixed"
ignoring nonexistent directory "/usr/lib/gcc/x86_64-redhat-linux/11/../../../../x86_64-redhat-linux/include"
#include "..." search starts here:
#include <...> search starts here:
 /usr/lib/gcc/x86_64-redhat-linux/11/include
 /usr/local/include
 /usr/include
End of search list.
GNU C17 (GCC) version 11.1.1 20210531 (Red Hat 11.1.1-3) (x86_64-redhat-linux)
	compiled by GNU C version 11.1.1 20210531 (Red Hat 11.1.1-3), GMP version 6.2.0, MPFR version 4.1.0-p13, MPC version 1.2.1, isl version isl-0.18-GMP

GGC heuristics: --param ggc-min-expand=100 --param ggc-min-heapsize=131072
Compiler executable checksum: 147699dd2c10be2630d381074a06fb9f
COLLECT_GCC_OPTIONS='-fdiagnostics-color=always' '-v' '-c' '-o' 'CMakeFiles/cmTC_8830c.dir/CMakeCCompilerABI.c.o' '-mtune=generic' '-march=x86-64' '-dumpdir' 'CMakeFiles/cmTC_8830c.dir/'
 as -v --64 -o CMakeFiles/cmTC_8830c.dir/CMakeCCompilerABI.c.o /tmp/ccA7u4uQ.s
GNU assembler version 2.35.1 (x86_64-redhat-linux) using BFD version version 2.35.1-41.fc34
COMPILER_PATH=/usr/libexec/gcc/x86_64-redhat-linux/11/:/usr/libexec/gcc/x86_64-redhat-linux/11/:/usr/libexec/gcc/x86_64-redhat-linux/:/usr/lib/gcc/x86_64-redhat-linux/11/:/usr/lib/gcc/x86_64-redhat-linux/
LIBRARY_PATH=/usr/lib/gcc/x86_64-redhat-linux/11/:/usr/lib/gcc/x86_64-redhat-linux/11/../../../../lib64/:/lib/../lib64/:/usr/lib/../lib64/:/usr/lib/gcc/x86_64-redhat-linux/11/../../../:/lib/:/usr/lib/
COLLECT_GCC_OPTIONS='-fdiagnostics-color=always' '-v' '-c' '-o' 'CMakeFiles/cmTC_8830c.dir/CMakeCCompilerABI.c.o' '-mtune=generic' '-march=x86-64' '-dumpdir' 'CMakeFiles/cmTC_8830c.dir/CMakeCCompilerABI.c.'
Linking C executable cmTC_7bec8
/home/except/.local/share/JetBrains/Toolbox/apps/CLion/ch-0/203.8084.11/bin/cmake/linux/bin/cmake -E cmake_link_script CMakeFiles/cmTC_7bec8.dir/link.txt --verbose=1
/usr/lib64/ccache/cc     -v CMakeFiles/cmTC_7bec8.dir/CMakeCCompilerABI.c.o  -o cmTC_7bec8 
Using built-in specs.
COLLECT_GCC=/usr/bin/cc
COLLECT_LTO_WRAPPER=/usr/libexec/gcc/x86_64-redhat-linux/11/lto-wrapper
OFFLOAD_TARGET_NAMES=nvptx-none
OFFLOAD_TARGET_DEFAULT=1
Target: x86_64-redhat-linux
Configured with: ../configure --enable-bootstrap --enable-languages=c,c++,fortran,objc,obj-c++,ada,go,d,lto --prefix=/usr --mandir=/usr/share/man --infodir=/usr/share/info --with-bugurl=http://bugzilla.redhat.com/bugzilla --enable-shared --enable-threads=posix --enable-checking=release --enable-multilib --with-system-zlib --enable-__cxa_atexit --disable-libunwind-exceptions --enable-gnu-unique-object --enable-linker-build-id --with-gcc-major-version-only --with-linker-hash-style=gnu --enable-plugin --enable-initfini-array --with-isl=/builddir/build/BUILD/gcc-11.1.1-20210531/obj-x86_64-redhat-linux/isl-install --enable-offload-targets=nvptx-none --without-cuda-driver --enable-gnu-indirect-function --enable-cet --with-tune=generic --with-arch_32=i686 --build=x86_64-redhat-linux
Thread model: posix
Supported LTO compression algorithms: zlib zstd
gcc version 11.1.1 20210531 (Red Hat 11.1.1-3) (GCC) 
COMPILER_PATH=/usr/libexec/gcc/x86_64-redhat-linux/11/:/usr/libexec/gcc/x86_64-redhat-linux/11/:/usr/libexec/gcc/x86_64-redhat-linux/:/usr/lib/gcc/x86_64-redhat-linux/11/:/usr/lib/gcc/x86_64-redhat-linux/
LIBRARY_PATH=/usr/lib/gcc/x86_64-redhat-linux/11/:/usr/lib/gcc/x86_64-redhat-linux/11/../../../../lib64/:/lib/../lib64/:/usr/lib/../lib64/:/usr/lib/gcc/x86_64-redhat-linux/11/../../../:/lib/:/usr/lib/
COLLECT_GCC_OPTIONS='-v' '-o' 'cmTC_7bec8' '-mtune=generic' '-march=x86-64' '-dumpdir' 'cmTC_7bec8.'
 /usr/libexec/gcc/x86_64-redhat-linux/11/collect2 -plugin /usr/libexec/gcc/x86_64-redhat-linux/11/liblto_plugin.so -plugin-opt=/usr/libexec/gcc/x86_64-redhat-linux/11/lto-wrapper -plugin-opt=-fresolution=/tmp/ccwvJqKo.res -plugin-opt=-pass-through=-lgcc -plugin-opt=-pass-through=-lgcc_s -plugin-opt=-pass-through=-lc -plugin-opt=-pass-through=-lgcc -plugin-opt=-pass-through=-lgcc_s --build-id --no-add-needed --eh-frame-hdr --hash-style=gnu -m elf_x86_64 -dynamic-linker /lib64/ld-linux-x86-64.so.2 -o cmTC_7bec8 /usr/lib/gcc/x86_64-redhat-linux/11/../../../../lib64/crt1.o /usr/lib/gcc/x86_64-redhat-linux/11/../../../../lib64/crti.o /usr/lib/gcc/x86_64-redhat-linux/11/crtbegin.o -L/usr/lib/gcc/x86_64-redhat-linux/11 -L/usr/lib/gcc/x86_64-redhat-linux/11/../../../../lib64 -L/lib/../lib64 -L/usr/lib/../lib64 -L/usr/lib/gcc/x86_64-redhat-linux/11/../../.. CMakeFiles/cmTC_7bec8.dir/CMakeCCompilerABI.c.o -lgcc --push-state --as-needed -lgcc_s --pop-state -lc -lgcc --push-state --as-needed -lgcc_s --pop-state /usr/lib/gcc/x86_64-redhat-linux/11/crtend.o /usr/lib/gcc/x86_64-redhat-linux/11/../../../../lib64/crtn.o
COLLECT_GCC_OPTIONS='-v' '-o' 'cmTC_7bec8' '-mtune=generic' '-march=x86-64' '-dumpdir' 'cmTC_7bec8.'
gmake[1]: Leaving directory '/home/except/Prj/My/Lessons/Algorithms/Lesson2/cmake-build-debug/CMakeFiles/CMakeTmp'



Parsed C implicit include dir info from above output: rv=done
  found start of include info
  found start of implicit include info
    add: [/usr/lib/gcc/x86_64-redhat-linux/11/include]
    add: [/usr/local/include]
    add: [/usr/include]
  end of search list found
  collapse include dir [/usr/lib/gcc/x86_64-redhat-linux/11/include] ==> [/usr/lib/gcc/x86_64-redhat-linux/11/include]
  collapse include dir [/usr/local/include] ==> [/usr/local/include]
  collapse include dir [/usr/include] ==> [/usr/include]
  implicit include dirs: [/usr/lib/gcc/x86_64-redhat-linux/11/include;/usr/local/include;/usr/include]


Parsed C implicit link information from above output:
  link line regex: [^( *|.*[/\])(ld|CMAKE_LINK_STARTFILE-NOTFOUND|([^/\]+-)?ld|collect2)[^/\]*( |$)]
  ignore line: [Change Dir: /home/except/Prj/My/Lessons/Algorithms/Lesson2/cmake-build-debug/CMakeFiles/CMakeTmp]
  ignore line: []
  ignore line: [Run Build Command(s):/usr/bin/gmake cmTC_7bec8/fast && /usr/bin/gmake  -f CMakeFiles/cmTC_7bec8.dir/build.make CMakeFiles/cmTC_7bec8.dir/build]
  ignore line: [gmake[1]: Entering directory '/home/except/Prj/My/Lessons/Algorithms/Lesson2/cmake-build-debug/CMakeFiles/CMakeTmp']
  ignore line: [Building C object CMakeFiles/cmTC_7bec8.dir/CMakeCCompilerABI.c.o]
  ignore line: [/usr/lib64/ccache/cc   -v -o CMakeFiles/cmTC_7bec8.dir/CMakeCCompilerABI.c.o   -c /home/except/.local/share/JetBrains/Toolbox/apps/CLion/ch-0/203.8084.11/bin/cmake/linux/share/cmake-3.17/Modules/CMakeCCompilerABI.c]
  ignore line: [Using built-in specs.]
  ignore line: [COLLECT_GCC=/usr/bin/cc]
  ignore line: [OFFLOAD_TARGET_NAMES=nvptx-none]
  ignore line: [OFFLOAD_TARGET_DEFAULT=1]
  ignore line: [Target: x86_64-redhat-linux]
  ignore line: [Configured with: ../configure --enable-bootstrap --enable-languages=c c++ fortran objc obj-c++ ada go d lto --prefix=/usr --mandir=/usr/share/man --infodir=/usr/share/info --with-bugurl=http://bugzilla.redhat.com/bugzilla --enable-shared --enable-threads=posix --enable-checking=release --enable-multilib --with-system-zlib --enable-__cxa_atexit --disable-libunwind-exceptions --enable-gnu-unique-object --enable-linker-build-id --with-gcc-major-version-only --with-linker-hash-style=gnu --enable-plugin --enable-initfini-array --with-isl=/builddir/build/BUILD/gcc-11.1.1-20210531/obj-x86_64-redhat-linux/isl-install --enable-offload-targets=nvptx-none --without-cuda-driver --enable-gnu-indirect-function --enable-cet --with-tune=generic --with-arch_32=i686 --build=x86_64-redhat-linux]
  ignore line: [Thread model: posix]
  ignore line: [Supported LTO compression algorithms: zlib zstd]
  ignore line: [gcc version 11.1.1 20210531 (Red Hat 11.1.1-3) (GCC) ]
  ignore line: [COLLECT_GCC_OPTIONS='-fdiagnostics-color=always' '-v' '-c' '-o' 'CMakeFiles/cmTC_8830c.dir/CMakeCCompilerABI.c.o' '-mtune=generic' '-march=x86-64' '-dumpdir' 'CMakeFiles/cmTC_8830c.dir/']
  ignore line: [ /usr/libexec/gcc/x86_64-redhat-linux/11/cc1 -quiet -v /home/except/.local/share/JetBrains/Toolbox/apps/CLion/ch-0/203.8084.11/bin/cmake/linux/share/cmake-3.17/Modules/CMakeCCompilerABI.c -quiet -dumpdir CMakeFiles/cmTC_8830c.dir/ -dumpbase CMakeCCompilerABI.c.c -dumpbase-ext .c -mtune=generic -march=x86-64 -version -fdiagnostics-color=always -o /tmp/ccA7u4uQ.s]
  ignore line: [GNU C17 (GCC) version 11.1.1 20210531 (Red Hat 11.1.1-3) (x86_64-redhat-linux)]
  ignore line: [	compiled by GNU C version 11.1.1 20210531 (Red Hat 11.1.1-3)  GMP version 6.2.0  MPFR version 4.1.0-p13  MPC version 1.2.1  isl version isl-0.18-GMP]
  ignore line: []
  ignore line: [GGC heuristics: --param ggc-min-expand=100 --param ggc-min-heapsize=131072]
  ignore line: [ignoring nonexistent directory "/usr/lib/gcc/x86_64-redhat-linux/11/include-fixed"]
  ignore line: [ignoring nonexistent directory "/usr/lib/gcc/x86_64-redhat-linux/11/../../../../x86_64-redhat-linux/include"]
  ignore line: [#include "..." search starts here:]
  ignore line: [#include <...> search starts here:]
  ignore line: [ /usr/lib/gcc/x86_64-redhat-linux/11/include]
  ignore line: [ /usr/local/include]
  ignore line: [ /usr/include]
  ignore line: [End of search list.]
  ignore line: [GNU C17 (GCC) version 11.1.1 20210531 (Red Hat 11.1.1-3) (x86_64-redhat-linux)]
  ignore line: [	compiled by GNU C version 11.1.1 20210531 (Red Hat 11.1.1-3)  GMP version 6.2.0  MPFR version 4.1.0-p13  MPC version 1.2.1  isl version isl-0.18-GMP]
  ignore line: []
  ignore line: [GGC heuristics: --param ggc-min-expand=100 --param ggc-min-heapsize=131072]
  ignore line: [Compiler executable checksum: 147699dd2c10be2630d381074a06fb9f]
  ignore line: [COLLECT_GCC_OPTIONS='-fdiagnostics-color=always' '-v' '-c' '-o' 'CMakeFiles/cmTC_8830c.dir/CMakeCCompilerABI.c.o' '-mtune=generic' '-march=x86-64' '-dumpdir' 'CMakeFiles/cmTC_8830c.dir/']
  ignore line: [ as -v --64 -o CMakeFiles/cmTC_8830c.dir/CMakeCCompilerABI.c.o /tmp/ccA7u4uQ.s]
  ignore line: [GNU assembler version 2.35.1 (x86_64-redhat-linux) using BFD version version 2.35.1-41.fc34]
  ignore line: [COMPILER_PATH=/usr/libexec/gcc/x86_64-redhat-linux/11/:/usr/libexec/gcc/x86_64-redhat-linux/11/:/usr/libexec/gcc/x86_64-redhat-linux/:/usr/lib/gcc/x86_64-redhat-linux/11/:/usr/lib/gcc/x86_64-redhat-linux/]
  ignore line: [LIBRARY_PATH=/usr/lib/gcc/x86_64-redhat-linux/11/:/usr/lib/gcc/x86_64-redhat-linux/11/../../../../lib64/:/lib/../lib64/:/usr/lib/../lib64/:/usr/lib/gcc/x86_64-redhat-linux/11/../../../:/lib/:/usr/lib/]
  ignore line: [COLLECT_GCC_OPTIONS='-fdiagnostics-color=always' '-v' '-c' '-o' 'CMakeFiles/cmTC_8830c.dir/CMakeCCompilerABI.c.o' '-mtune=generic' '-march=x86-64' '-dumpdir' 'CMakeFiles/cmTC_8830c.dir/CMakeCCompilerABI.c.']
  ignore line: [Linking C executable cmTC_7bec8]
  ignore line: [/home/except/.local/share/JetBrains/Toolbox/apps/CLion/ch-0/203.8084.11/bin/cmake/linux/bin/cmake -E cmake_link_script CMakeFiles/cmTC_7bec8.dir/link.txt --verbose=1]
  ignore line: [/usr/lib64/ccache/cc     -v CMakeFiles/cmTC_7bec8.dir/CMakeCCompilerABI.c.o  -o cmTC_7bec8 ]
  ignore line: [Using built-in specs.]
  ignore line: [COLLECT_GCC=/usr/bin/cc]
  ignore line: [COLLECT_LTO_WRAPPER=/usr/libexec/gcc/x86_64-redhat-linux/11/lto-wrapper]
  ignore line: [OFFLOAD_TARGET_NAMES=nvptx-none]
  ignore line: [OFFLOAD_TARGET_DEFAULT=1]
  ignore line: [Target: x86_64-redhat-linux]
  ignore line: [Configured with: ../configure --enable-bootstrap --enable-languages=c c++ fortran objc obj-c++ ada go d lto --prefix=/usr --mandir=/usr/share/man --infodir=/usr/share/info --with-bugurl=http://bugzilla.redhat.com/bugzilla --enable-shared --enable-threads=posix --enable-checking=release --enable-multilib --with-system-zlib --enable-__cxa_atexit --disable-libunwind-exceptions --enable-gnu-unique-object --enable-linker-build-id --with-gcc-major-version-only --with-linker-hash-style=gnu --enable-plugin --enable-initfini-array --with-isl=/builddir/build/BUILD/gcc-11.1.1-20210531/obj-x86_64-redhat-linux/isl-install --enable-offload-targets=nvptx-none --without-cuda-driver --enable-gnu-indirect-function --enable-cet --with-tune=generic --with-arch_32=i686 --build=x86_64-redhat-linux]
  ignore line: [Thread model: posix]
  ignore line: [Supported LTO compression algorithms: zlib zstd]
  ignore line: [gcc version 11.1.1 20210531 (Red Hat 11.1.1-3) (GCC) ]
  ignore line: [COMPILER_PATH=/usr/libexec/gcc/x86_64-redhat-linux/11/:/usr/libexec/gcc/x86_64-redhat-linux/11/:/usr/libexec/gcc/x86_64-redhat-linux/:/usr/lib/gcc/x86_64-redhat-linux/11/:/usr/lib/gcc/x86_64-redhat-linux/]
  ignore line: [LIBRARY_PATH=/usr/lib/gcc/x86_64-redhat-linux/11/:/usr/lib/gcc/x86_64-redhat-linux/11/../../../../lib64/:/lib/../lib64/:/usr/lib/../lib64/:/usr/lib/gcc/x86_64-redhat-linux/11/../../../:/lib/:/usr/lib/]
  ignore line: [COLLECT_GCC_OPTIONS='-v' '-o' 'cmTC_7bec8' '-mtune=generic' '-march=x86-64' '-dumpdir' 'cmTC_7bec8.']
  link line: [ /usr/libexec/gcc/x86_64-redhat-linux/11/collect2 -plugin /usr/libexec/gcc/x86_64-redhat-linux/11/liblto_plugin.so -plugin-opt=/usr/libexec/gcc/x86_64-redhat-linux/11/lto-wrapper -plugin-opt=-fresolution=/tmp/ccwvJqKo.res -plugin-opt=-pass-through=-lgcc -plugin-opt=-pass-through=-lgcc_s -plugin-opt=-pass-through=-lc -plugin-opt=-pass-through=-lgcc -plugin-opt=-pass-through=-lgcc_s --build-id --no-add-needed --eh-frame-hdr --hash-style=gnu -m elf_x86_64 -dynamic-linker /lib64/ld-linux-x86-64.so.2 -o cmTC_7bec8 /usr/lib/gcc/x86_64-redhat-linux/11/../../../../lib64/crt1.o /usr/lib/gcc/x86_64-redhat-linux/11/../../../../lib64/crti.o /usr/lib/gcc/x86_64-redhat-linux/11/crtbegin.o -L/usr/lib/gcc/x86_64-redhat-linux/11 -L/usr/lib/gcc/x86_64-redhat-linux/11/../../../../lib64 -L/lib/../lib64 -L/usr/lib/../lib64 -L/usr/lib/gcc/x86_64-redhat-linux/11/../../.. CMakeFiles/cmTC_7bec8.dir/CMakeCCompilerABI.c.o -lgcc --push-state --as-needed -lgcc_s --pop-state -lc -lgcc --push-state --as-needed -lgcc_s --pop-state /usr/lib/gcc/x86_64-redhat-linux/11/crtend.o /usr/lib/gcc/x86_64-redhat-linux/11/../../../../lib64/crtn.o]
    arg [/usr/libexec/gcc/x86_64-redhat-linux/11/collect2] ==> ignore
    arg [-plugin] ==> ignore
    arg [/usr/libexec/gcc/x86_64-redhat-linux/11/liblto_plugin.so] ==> ignore
    arg [-plugin-opt=/usr/libexec/gcc/x86_64-redhat-linux/11/lto-wrapper] ==> ignore
    arg [-plugin-opt=-fresolution=/tmp/ccwvJqKo.res] ==> ignore
    arg [-plugin-opt=-pass-through=-lgcc] ==> ignore
    arg [-plugin-opt=-pass-through=-lgcc_s] ==> ignore
    arg [-plugin-opt=-pass-through=-lc] ==> ignore
    arg [-plugin-opt=-pass-through=-lgcc] ==> ignore
    arg [-plugin-opt=-pass-through=-lgcc_s] ==> ignore
    arg [--build-id] ==> ignore
    arg [--no-add-needed] ==> ignore
    arg [--eh-frame-hdr] ==> ignore
    arg [--hash-style=gnu] ==> ignore
    arg [-m] ==> ignore
    arg [elf_x86_64] ==> ignore
    arg [-dynamic-linker] ==> ignore
    arg [/lib64/ld-linux-x86-64.so.2] ==> ignore
    arg [-o] ==> ignore
    arg [cmTC_7bec8] ==> ignore
    arg [/usr/lib/gcc/x86_64-redhat-linux/11/../../../../lib64/crt1.o] ==> ignore
    arg [/usr/lib/gcc/x86_64-redhat-linux/11/../../../../lib64/crti.o] ==> ignore
    arg [/usr/lib/gcc/x86_64-redhat-linux/11/crtbegin.o] ==> ignore
    arg [-L/usr/lib/gcc/x86_64-redhat-linux/11] ==> dir [/usr/lib/gcc/x86_64-redhat-linux/11]
    arg [-L/usr/lib/gcc/x86_64-redhat-linux/11/../../../../lib64] ==> dir [/usr/lib/gcc/x86_64-redhat-linux/11/../../../../lib64]
    arg [-L/lib/../lib64] ==> dir [/lib/../lib64]
    arg [-L/usr/lib/../lib64] ==> dir [/usr/lib/../lib64]
    arg [-L/usr/lib/gcc/x86_64-redhat-linux/11/../../..] ==> dir [/usr/lib/gcc/x86_64-redhat-linux/11/../../..]
    arg [CMakeFiles/cmTC_7bec8.dir/CMakeCCompilerABI.c.o] ==> ignore
    arg [-lgcc] ==> lib [gcc]
    arg [--push-state] ==> ignore
    arg [--as-needed] ==> ignore
    arg [-lgcc_s] ==> lib [gcc_s]
    arg [--pop-state] ==> ignore
    arg [-lc] ==> lib [c]
    arg [-lgcc] ==> lib [gcc]
    arg [--push-state] ==> ignore
    arg [--as-needed] ==> ignore
    arg [-lgcc_s] ==> lib [gcc_s]
    arg [--pop-state] ==> ignore
    arg [/usr/lib/gcc/x86_64-redhat-linux/11/crtend.o] ==> ignore
    arg [/usr/lib/gcc/x86_64-redhat-linux/11/../../../../lib64/crtn.o] ==> ignore
  collapse library dir [/usr/lib/gcc/x86_64-redhat-linux/11] ==> [/usr/lib/gcc/x86_64-redhat-linux/11]
  collapse library dir [/usr/lib/gcc/x86_64-redhat-linux/11/../../../../lib64] ==> [/usr/lib64]
  collapse library dir [/lib/../lib64] ==> [/lib64]
  collapse library dir [/usr/lib/../lib64] ==> [/usr/lib64]
  collapse library dir [/usr/lib/gcc/x86_64-redhat-linux/11/../../..] ==> [/usr/lib]
  implicit libs: [gcc;gcc_s;c;gcc;gcc_s]
  implicit dirs: [/usr/lib/gcc/x86_64-redhat-linux/11;/usr/lib64;/lib64;/usr/lib]
  implicit fwks: []


Determining if the CXX compiler works passed with the following output:
Change Dir: /home/except/Prj/My/Lessons/Algorithms/Lesson2/cmake-build-debug/CMakeFiles/CMakeTmp

Run Build Command(s):/usr/bin/gmake cmTC_86ac1/fast && /usr/bin/gmake  -f CMakeFiles/cmTC_86ac1.dir/build.make CMakeFiles/cmTC_86ac1.dir/build
gmake[1]: вход в каталог «/home/except/Prj/My/Lessons/Algorithms/Lesson2/cmake-build-debug/CMakeFiles/CMakeTmp»
Building CXX object CMakeFiles/cmTC_86ac1.dir/testCXXCompiler.cxx.o
/usr/lib64/ccache/c++     -o CMakeFiles/cmTC_86ac1.dir/testCXXCompiler.cxx.o -c /home/except/Prj/My/Lessons/Algorithms/Lesson2/cmake-build-debug/CMakeFiles/CMakeTmp/testCXXCompiler.cxx
Linking CXX executable cmTC_86ac1
/home/except/.local/share/JetBrains/Toolbox/apps/CLion/ch-0/203.8084.11/bin/cmake/linux/bin/cmake -E cmake_link_script CMakeFiles/cmTC_86ac1.dir/link.txt --verbose=1
/usr/lib64/ccache/c++       CMakeFiles/cmTC_86ac1.dir/testCXXCompiler.cxx.o  -o cmTC_86ac1 
gmake[1]: выход из каталога «/home/except/Prj/My/Lessons/Algorithms/Lesson2/cmake-build-debug/CMakeFiles/CMakeTmp»



Detecting CXX compiler ABI info compiled with the following output:
Change Dir: /home/except/Prj/My/Lessons/Algorithms/Lesson2/cmake-build-debug/CMakeFiles/CMakeTmp

Run Build Command(s):/usr/bin/gmake cmTC_f4b65/fast && /usr/bin/gmake  -f CMakeFiles/cmTC_f4b65.dir/build.make CMakeFiles/cmTC_f4b65.dir/build
gmake[1]: Entering directory '/home/except/Prj/My/Lessons/Algorithms/Lesson2/cmake-build-debug/CMakeFiles/CMakeTmp'
Building CXX object CMakeFiles/cmTC_f4b65.dir/CMakeCXXCompilerABI.cpp.o
/usr/lib64/ccache/c++    -v -o CMakeFiles/cmTC_f4b65.dir/CMakeCXXCompilerABI.cpp.o -c /home/except/.local/share/JetBrains/Toolbox/apps/CLion/ch-0/203.8084.11/bin/cmake/linux/share/cmake-3.17/Modules/CMakeCXXCompilerABI.cpp
Using built-in specs.
COLLECT_GCC=/usr/bin/c++
OFFLOAD_TARGET_NAMES=nvptx-none
OFFLOAD_TARGET_DEFAULT=1
Target: x86_64-redhat-linux
Configured with: ../configure --enable-bootstrap --enable-languages=c,c++,fortran,objc,obj-c++,ada,go,d,lto --prefix=/usr --mandir=/usr/share/man --infodir=/usr/share/info --with-bugurl=http://bugzilla.redhat.com/bugzilla --enable-shared --enable-threads=posix --enable-checking=release --enable-multilib --with-system-zlib --enable-__cxa_atexit --disable-libunwind-exceptions --enable-gnu-unique-object --enable-linker-build-id --with-gcc-major-version-only --with-linker-hash-style=gnu --enable-plugin --enable-initfini-array --with-isl=/builddir/build/BUILD/gcc-11.1.1-20210531/obj-x86_64-redhat-linux/isl-install --enable-offload-targets=nvptx-none --without-cuda-driver --enable-gnu-indirect-function --enable-cet --with-tune=generic --with-arch_32=i686 --build=x86_64-redhat-linux
Thread model: posix
Supported LTO compression algorithms: zlib zstd
gcc version 11.1.1 20210531 (Red Hat 11.1.1-3) (GCC) 
COLLECT_GCC_OPTIONS='-v' '-c' '-o' 'CMakeFiles/cmTC_766c2.dir/CMakeCXXCompilerABI.cpp.o' '-shared-libgcc' '-mtune=generic' '-march=x86-64' '-dumpdir' 'CMakeFiles/cmTC_766c2.dir/'
 /usr/libexec/gcc/x86_64-redhat-linux/11/cc1plus -quiet -v -D_GNU_SOURCE /home/except/.local/share/JetBrains/Toolbox/apps/CLion/ch-0/203.8084.11/bin/cmake/linux/share/cmake-3.17/Modules/CMakeCXXCompilerABI.cpp -quiet -dumpdir CMakeFiles/cmTC_766c2.dir/ -dumpbase CMakeCXXCompilerABI.cpp.cpp -dumpbase-ext .cpp -mtune=generic -march=x86-64 -version -o /tmp/ccYr9sNU.s
GNU C++17 (GCC) version 11.1.1 20210531 (Red Hat 11.1.1-3) (x86_64-redhat-linux)
	compiled by GNU C version 11.1.1 20210531 (Red Hat 11.1.1-3), GMP version 6.2.0, MPFR version 4.1.0-p13, MPC version 1.2.1, isl version isl-0.18-GMP

GGC heuristics: --param ggc-min-expand=100 --param ggc-min-heapsize=131072
ignoring nonexistent directory "/usr/lib/gcc/x86_64-redhat-linux/11/include-fixed"
ignoring nonexistent directory "/usr/lib/gcc/x86_64-redhat-linux/11/../../../../x86_64-redhat-linux/include"
#include "..." search starts here:
#include <...> search starts here:
 /usr/lib/gcc/x86_64-redhat-linux/11/../../../../include/c++/11
 /usr/lib/gcc/x86_64-redhat-linux/11/../../../../include/c++/11/x86_64-redhat-linux
 /usr/lib/gcc/x86_64-redhat-linux/11/../../../../include/c++/11/backward
 /usr/lib/gcc/x86_64-redhat-linux/11/include
 /usr/local/include
 /usr/include
End of search list.
GNU C++17 (GCC) version 11.1.1 20210531 (Red Hat 11.1.1-3) (x86_64-redhat-linux)
	compiled by GNU C version 11.1.1 20210531 (Red Hat 11.1.1-3), GMP version 6.2.0, MPFR version 4.1.0-p13, MPC version 1.2.1, isl version isl-0.18-GMP

GGC heuristics: --param ggc-min-expand=100 --param ggc-min-heapsize=131072
Compiler executable checksum: 1da4e3df68493608110fe609ed8f0de8
COLLECT_GCC_OPTIONS='-v' '-c' '-o' 'CMakeFiles/cmTC_766c2.dir/CMakeCXXCompilerABI.cpp.o' '-shared-libgcc' '-mtune=generic' '-march=x86-64' '-dumpdir' 'CMakeFiles/cmTC_766c2.dir/'
 as -v --64 -o CMakeFiles/cmTC_766c2.dir/CMakeCXXCompilerABI.cpp.o /tmp/ccYr9sNU.s
GNU assembler version 2.35.1 (x86_64-redhat-linux) using BFD version version 2.35.1-41.fc34
COMPILER_PATH=/usr/libexec/gcc/x86_64-redhat-linux/11/:/usr/libexec/gcc/x86_64-redhat-linux/11/:/usr/libexec/gcc/x86_64-redhat-linux/:/usr/lib/gcc/x86_64-redhat-linux/11/:/usr/lib/gcc/x86_64-redhat-linux/
LIBRARY_PATH=/usr/lib/gcc/x86_64-redhat-linux/11/:/usr/lib/gcc/x86_64-redhat-linux/11/../../../../lib64/:/lib/../lib64/:/usr/lib/../lib64/:/usr/lib/gcc/x86_64-redhat-linux/11/../../../:/lib/:/usr/lib/
COLLECT_GCC_OPTIONS='-v' '-c' '-o' 'CMakeFiles/cmTC_766c2.dir/CMakeCXXCompilerABI.cpp.o' '-shared-libgcc' '-mtune=generic' '-march=x86-64' '-dumpdir' 'CMakeFiles/cmTC_766c2.dir/CMakeCXXCompilerABI.cpp.'
Linking CXX executable cmTC_f4b65
/home/except/.local/share/JetBrains/Toolbox/apps/CLion/ch-0/203.8084.11/bin/cmake/linux/bin/cmake -E cmake_link_script CMakeFiles/cmTC_f4b65.dir/link.txt --verbose=1
/usr/lib64/ccache/c++      -v CMakeFiles/cmTC_f4b65.dir/CMakeCXXCompilerABI.cpp.o  -o cmTC_f4b65 
Using built-in specs.
COLLECT_GCC=/usr/bin/c++
COLLECT_LTO_WRAPPER=/usr/libexec/gcc/x86_64-redhat-linux/11/lto-wrapper
OFFLOAD_TARGET_NAMES=nvptx-none
OFFLOAD_TARGET_DEFAULT=1
Target: x86_64-redhat-linux
Configured with: ../configure --enable-bootstrap --enable-languages=c,c++,fortran,objc,obj-c++,ada,go,d,lto --prefix=/usr --mandir=/usr/share/man --infodir=/usr/share/info --with-bugurl=http://bugzilla.redhat.com/bugzilla --enable-shared --enable-threads=posix --enable-checking=release --enable-multilib --with-system-zlib --enable-__cxa_atexit --disable-libunwind-exceptions --enable-gnu-unique-object --enable-linker-build-id --with-gcc-major-version-only --with-linker-hash-style=gnu --enable-plugin --enable-initfini-array --with-isl=/builddir/build/BUILD/gcc-11.1.1-20210531/obj-x86_64-redhat-linux/isl-install --enable-offload-targets=nvptx-none --without-cuda-driver --enable-gnu-indirect-function --enable-cet --with-tune=generic --with-arch_32=i686 --build=x86_64-redhat-linux
Thread model: posix
Supported LTO compression algorithms: zlib zstd
gcc version 11.1.1 20210531 (Red Hat 11.1.1-3) (GCC) 
COMPILER_PATH=/usr/libexec/gcc/x86_64-redhat-linux/11/:/usr/libexec/gcc/x86_64-redhat-linux/11/:/usr/libexec/gcc/x86_64-redhat-linux/:/usr/lib/gcc/x86_64-redhat-linux/11/:/usr/lib/gcc/x86_64-redhat-linux/
LIBRARY_PATH=/usr/lib/gcc/x86_64-redhat-linux/11/:/usr/lib/gcc/x86_64-redhat-linux/11/../../../../lib64/:/lib/../lib64/:/usr/lib/../lib64/:/usr/lib/gcc/x86_64-redhat-linux/11/../../../:/lib/:/usr/lib/
COLLECT_GCC_OPTIONS='-v' '-o' 'cmTC_f4b65' '-shared-libgcc' '-mtune=generic' '-march=x86-64' '-dumpdir' 'cmTC_f4b65.'
 /usr/libexec/gcc/x86_64-redhat-linux/11/collect2 -plugin /usr/libexec/gcc/x86_64-redhat-linux/11/liblto_plugin.so -plugin-opt=/usr/libexec/gcc/x86_64-redhat-linux/11/lto-wrapper -plugin-opt=-fresolution=/tmp/ccVpAyjG.res -plugin-opt=-pass-through=-lgcc_s -plugin-opt=-pass-through=-lgcc -plugin-opt=-pass-through=-lc -plugin-opt=-pass-through=-lgcc_s -plugin-opt=-pass-through=-lgcc --build-id --no-add-needed --eh-frame-hdr --hash-style=gnu -m elf_x86_64 -dynamic-linker /lib64/ld-linux-x86-64.so.2 -o cmTC_f4b65 /usr/lib/gcc/x86_64-redhat-linux/11/../../../../lib64/crt1.o /usr/lib/gcc/x86_64-redhat-linux/11/../../../../lib64/crti.o /usr/lib/gcc/x86_64-redhat-linux/11/crtbegin.o -L/usr/lib/gcc/x86_64-redhat-linux/11 -L/usr/lib/gcc/x86_64-redhat-linux/11/../../../../lib64 -L/lib/../lib64 -L/usr/lib/../lib64 -L/usr/lib/gcc/x86_64-redhat-linux/11/../../.. CMakeFiles/cmTC_f4b65.dir/CMakeCXXCompilerABI.cpp.o -lstdc++ -lm -lgcc_s -lgcc -lc -lgcc_s -lgcc /usr/lib/gcc/x86_64-redhat-linux/11/crtend.o /usr/lib/gcc/x86_64-redhat-linux/11/../../../../lib64/crtn.o
COLLECT_GCC_OPTIONS='-v' '-o' 'cmTC_f4b65' '-shared-libgcc' '-mtune=generic' '-march=x86-64' '-dumpdir' 'cmTC_f4b65.'
gmake[1]: Leaving directory '/home/except/Prj/My/Lessons/Algorithms/Lesson2/cmake-build-debug/CMakeFiles/CMakeTmp'



Parsed CXX implicit include dir info from above output: rv=done
  found start of include info
  found start of implicit include info
    add: [/usr/lib/gcc/x86_64-redhat-linux/11/../../../../include/c++/11]
    add: [/usr/lib/gcc/x86_64-redhat-linux/11/../../../../include/c++/11/x86_64-redhat-linux]
    add: [/usr/lib/gcc/x86_64-redhat-linux/11/../../../../include/c++/11/backward]
    add: [/usr/lib/gcc/x86_64-redhat-linux/11/include]
    add: [/usr/local/include]
    add: [/usr/include]
  end of search list found
  collapse include dir [/usr/lib/gcc/x86_64-redhat-linux/11/../../../../include/c++/11] ==> [/usr/include/c++/11]
  collapse include dir [/usr/lib/gcc/x86_64-redhat-linux/11/../../../../include/c++/11/x86_64-redhat-linux] ==> [/usr/include/c++/11/x86_64-redhat-linux]
  collapse include dir [/usr/lib/gcc/x86_64-redhat-linux/11/../../../../include/c++/11/backward] ==> [/usr/include/c++/11/backward]
  collapse include dir [/usr/lib/gcc/x86_64-redhat-linux/11/include] ==> [/usr/lib/gcc/x86_64-redhat-linux/11/include]
  collapse include dir [/usr/local/include] ==> [/usr/local/include]
  collapse include dir [/usr/include] ==> [/usr/include]
  implicit include dirs: [/usr/include/c++/11;/usr/include/c++/11/x86_64-redhat-linux;/usr/include/c++/11/backward;/usr/lib/gcc/x86_64-redhat-linux/11/include;/usr/local/include;/usr/include]


Parsed CXX implicit link information from above output:
  link line regex: [^( *|.*[/\])(ld|CMAKE_LINK_STARTFILE-NOTFOUND|([^/\]+-)?ld|collect2)[^/\]*( |$)]
  ignore line: [Change Dir: /home/except/Prj/My/Lessons/Algorithms/Lesson2/cmake-build-debug/CMakeFiles/CMakeTmp]
  ignore line: []
  ignore line: [Run Build Command(s):/usr/bin/gmake cmTC_f4b65/fast && /usr/bin/gmake  -f CMakeFiles/cmTC_f4b65.dir/build.make CMakeFiles/cmTC_f4b65.dir/build]
  ignore line: [gmake[1]: Entering directory '/home/except/Prj/My/Lessons/Algorithms/Lesson2/cmake-build-debug/CMakeFiles/CMakeTmp']
  ignore line: [Building CXX object CMakeFiles/cmTC_f4b65.dir/CMakeCXXCompilerABI.cpp.o]
  ignore line: [/usr/lib64/ccache/c++    -v -o CMakeFiles/cmTC_f4b65.dir/CMakeCXXCompilerABI.cpp.o -c /home/except/.local/share/JetBrains/Toolbox/apps/CLion/ch-0/203.8084.11/bin/cmake/linux/share/cmake-3.17/Modules/CMakeCXXCompilerABI.cpp]
  ignore line: [Using built-in specs.]
  ignore line: [COLLECT_GCC=/usr/bin/c++]
  ignore line: [OFFLOAD_TARGET_NAMES=nvptx-none]
  ignore line: [OFFLOAD_TARGET_DEFAULT=1]
  ignore line: [Target: x86_64-redhat-linux]
  ignore line: [Configured with: ../configure --enable-bootstrap --enable-languages=c c++ fortran objc obj-c++ ada go d lto --prefix=/usr --mandir=/usr/share/man --infodir=/usr/share/info --with-bugurl=http://bugzilla.redhat.com/bugzilla --enable-shared --enable-threads=posix --enable-checking=release --enable-multilib --with-system-zlib --enable-__cxa_atexit --disable-libunwind-exceptions --enable-gnu-unique-object --enable-linker-build-id --with-gcc-major-version-only --with-linker-hash-style=gnu --enable-plugin --enable-initfini-array --with-isl=/builddir/build/BUILD/gcc-11.1.1-20210531/obj-x86_64-redhat-linux/isl-install --enable-offload-targets=nvptx-none --without-cuda-driver --enable-gnu-indirect-function --enable-cet --with-tune=generic --with-arch_32=i686 --build=x86_64-redhat-linux]
  ignore line: [Thread model: posix]
  ignore line: [Supported LTO compression algorithms: zlib zstd]
  ignore line: [gcc version 11.1.1 20210531 (Red Hat 11.1.1-3) (GCC) ]
  ignore line: [COLLECT_GCC_OPTIONS='-v' '-c' '-o' 'CMakeFiles/cmTC_766c2.dir/CMakeCXXCompilerABI.cpp.o' '-shared-libgcc' '-mtune=generic' '-march=x86-64' '-dumpdir' 'CMakeFiles/cmTC_766c2.dir/']
  ignore line: [ /usr/libexec/gcc/x86_64-redhat-linux/11/cc1plus -quiet -v -D_GNU_SOURCE /home/except/.local/share/JetBrains/Toolbox/apps/CLion/ch-0/203.8084.11/bin/cmake/linux/share/cmake-3.17/Modules/CMakeCXXCompilerABI.cpp -quiet -dumpdir CMakeFiles/cmTC_766c2.dir/ -dumpbase CMakeCXXCompilerABI.cpp.cpp -dumpbase-ext .cpp -mtune=generic -march=x86-64 -version -o /tmp/ccYr9sNU.s]
  ignore line: [GNU C++17 (GCC) version 11.1.1 20210531 (Red Hat 11.1.1-3) (x86_64-redhat-linux)]
  ignore line: [	compiled by GNU C version 11.1.1 20210531 (Red Hat 11.1.1-3)  GMP version 6.2.0  MPFR version 4.1.0-p13  MPC version 1.2.1  isl version isl-0.18-GMP]
  ignore line: []
  ignore line: [GGC heuristics: --param ggc-min-expand=100 --param ggc-min-heapsize=131072]
  ignore line: [ignoring nonexistent directory "/usr/lib/gcc/x86_64-redhat-linux/11/include-fixed"]
  ignore line: [ignoring nonexistent directory "/usr/lib/gcc/x86_64-redhat-linux/11/../../../../x86_64-redhat-linux/include"]
  ignore line: [#include "..." search starts here:]
  ignore line: [#include <...> search starts here:]
  ignore line: [ /usr/lib/gcc/x86_64-redhat-linux/11/../../../../include/c++/11]
  ignore line: [ /usr/lib/gcc/x86_64-redhat-linux/11/../../../../include/c++/11/x86_64-redhat-linux]
  ignore line: [ /usr/lib/gcc/x86_64-redhat-linux/11/../../../../include/c++/11/backward]
  ignore line: [ /usr/lib/gcc/x86_64-redhat-linux/11/include]
  ignore line: [ /usr/local/include]
  ignore line: [ /usr/include]
  ignore line: [End of search list.]
  ignore line: [GNU C++17 (GCC) version 11.1.1 20210531 (Red Hat 11.1.1-3) (x86_64-redhat-linux)]
  ignore line: [	compiled by GNU C version 11.1.1 20210531 (Red Hat 11.1.1-3)  GMP version 6.2.0  MPFR version 4.1.0-p13  MPC version 1.2.1  isl version isl-0.18-GMP]
  ignore line: []
  ignore line: [GGC heuristics: --param ggc-min-expand=100 --param ggc-min-heapsize=131072]
  ignore line: [Compiler executable checksum: 1da4e3df68493608110fe609ed8f0de8]
  ignore line: [COLLECT_GCC_OPTIONS='-v' '-c' '-o' 'CMakeFiles/cmTC_766c2.dir/CMakeCXXCompilerABI.cpp.o' '-shared-libgcc' '-mtune=generic' '-march=x86-64' '-dumpdir' 'CMakeFiles/cmTC_766c2.dir/']
  ignore line: [ as -v --64 -o CMakeFiles/cmTC_766c2.dir/CMakeCXXCompilerABI.cpp.o /tmp/ccYr9sNU.s]
  ignore line: [GNU assembler version 2.35.1 (x86_64-redhat-linux) using BFD version version 2.35.1-41.fc34]
  ignore line: [COMPILER_PATH=/usr/libexec/gcc/x86_64-redhat-linux/11/:/usr/libexec/gcc/x86_64-redhat-linux/11/:/usr/libexec/gcc/x86_64-redhat-linux/:/usr/lib/gcc/x86_64-redhat-linux/11/:/usr/lib/gcc/x86_64-redhat-linux/]
  ignore line: [LIBRARY_PATH=/usr/lib/gcc/x86_64-redhat-linux/11/:/usr/lib/gcc/x86_64-redhat-linux/11/../../../../lib64/:/lib/../lib64/:/usr/lib/../lib64/:/usr/lib/gcc/x86_64-redhat-linux/11/../../../:/lib/:/usr/lib/]
  ignore line: [COLLECT_GCC_OPTIONS='-v' '-c' '-o' 'CMakeFiles/cmTC_766c2.dir/CMakeCXXCompilerABI.cpp.o' '-shared-libgcc' '-mtune=generic' '-march=x86-64' '-dumpdir' 'CMakeFiles/cmTC_766c2.dir/CMakeCXXCompilerABI.cpp.']
  ignore line: [Linking CXX executable cmTC_f4b65]
  ignore line: [/home/except/.local/share/JetBrains/Toolbox/apps/CLion/ch-0/203.8084.11/bin/cmake/linux/bin/cmake -E cmake_link_script CMakeFiles/cmTC_f4b65.dir/link.txt --verbose=1]
  ignore line: [/usr/lib64/ccache/c++      -v CMakeFiles/cmTC_f4b65.dir/CMakeCXXCompilerABI.cpp.o  -o cmTC_f4b65 ]
  ignore line: [Using built-in specs.]
  ignore line: [COLLECT_GCC=/usr/bin/c++]
  ignore line: [COLLECT_LTO_WRAPPER=/usr/libexec/gcc/x86_64-redhat-linux/11/lto-wrapper]
  ignore line: [OFFLOAD_TARGET_NAMES=nvptx-none]
  ignore line: [OFFLOAD_TARGET_DEFAULT=1]
  ignore line: [Target: x86_64-redhat-linux]
  ignore line: [Configured with: ../configure --enable-bootstrap --enable-languages=c c++ fortran objc obj-c++ ada go d lto --prefix=/usr --mandir=/usr/share/man --infodir=/usr/share/info --with-bugurl=http://bugzilla.redhat.com/bugzilla --enable-shared --enable-threads=posix --enable-checking=release --enable-multilib --with-system-zlib --enable-__cxa_atexit --disable-libunwind-exceptions --enable-gnu-unique-object --enable-linker-build-id --with-gcc-major-version-only --with-linker-hash-style=gnu --enable-plugin --enable-initfini-array --with-isl=/builddir/build/BUILD/gcc-11.1.1-20210531/obj-x86_64-redhat-linux/isl-install --enable-offload-targets=nvptx-none --without-cuda-driver --enable-gnu-indirect-function --enable-cet --with-tune=generic --with-arch_32=i686 --build=x86_64-redhat-linux]
  ignore line: [Thread model: posix]
  ignore line: [Supported LTO compression algorithms: zlib zstd]
  ignore line: [gcc version 11.1.1 20210531 (Red Hat 11.1.1-3) (GCC) ]
  ignore line: [COMPILER_PATH=/usr/libexec/gcc/x86_64-redhat-linux/11/:/usr/libexec/gcc/x86_64-redhat-linux/11/:/usr/libexec/gcc/x86_64-redhat-linux/:/usr/lib/gcc/x86_64-redhat-linux/11/:/usr/lib/gcc/x86_64-redhat-linux/]
  ignore line: [LIBRARY_PATH=/usr/lib/gcc/x86_64-redhat-linux/11/:/usr/lib/gcc/x86_64-redhat-linux/11/../../../../lib64/:/lib/../lib64/:/usr/lib/../lib64/:/usr/lib/gcc/x86_64-redhat-linux/11/../../../:/lib/:/usr/lib/]
  ignore line: [COLLECT_GCC_OPTIONS='-v' '-o' 'cmTC_f4b65' '-shared-libgcc' '-mtune=generic' '-march=x86-64' '-dumpdir' 'cmTC_f4b65.']
  link line: [ /usr/libexec/gcc/x86_64-redhat-linux/11/collect2 -plugin /usr/libexec/gcc/x86_64-redhat-linux/11/liblto_plugin.so -plugin-opt=/usr/libexec/gcc/x86_64-redhat-linux/11/lto-wrapper -plugin-opt=-fresolution=/tmp/ccVpAyjG.res -plugin-opt=-pass-through=-lgcc_s -plugin-opt=-pass-through=-lgcc -plugin-opt=-pass-through=-lc -plugin-opt=-pass-through=-lgcc_s -plugin-opt=-pass-through=-lgcc --build-id --no-add-needed --eh-frame-hdr --hash-style=gnu -m elf_x86_64 -dynamic-linker /lib64/ld-linux-x86-64.so.2 -o cmTC_f4b65 /usr/lib/gcc/x86_64-redhat-linux/11/../../../../lib64/crt1.o /usr/lib/gcc/x86_64-redhat-linux/11/../../../../lib64/crti.o /usr/lib/gcc/x86_64-redhat-linux/11/crtbegin.o -L/usr/lib/gcc/x86_64-redhat-linux/11 -L/usr/lib/gcc/x86_64-redhat-linux/11/../../../../lib64 -L/lib/../lib64 -L/usr/lib/../lib64 -L/usr/lib/gcc/x86_64-redhat-linux/11/../../.. CMakeFiles/cmTC_f4b65.dir/CMakeCXXCompilerABI.cpp.o -lstdc++ -lm -lgcc_s -lgcc -lc -lgcc_s -lgcc /usr/lib/gcc/x86_64-redhat-linux/11/crtend.o /usr/lib/gcc/x86_64-redhat-linux/11/../../../../lib64/crtn.o]
    arg [/usr/libexec/gcc/x86_64-redhat-linux/11/collect2] ==> ignore
    arg [-plugin] ==> ignore
    arg [/usr/libexec/gcc/x86_64-redhat-linux/11/liblto_plugin.so] ==> ignore
    arg [-plugin-opt=/usr/libexec/gcc/x86_64-redhat-linux/11/lto-wrapper] ==> ignore
    arg [-plugin-opt=-fresolution=/tmp/ccVpAyjG.res] ==> ignore
    arg [-plugin-opt=-pass-through=-lgcc_s] ==> ignore
    arg [-plugin-opt=-pass-through=-lgcc] ==> ignore
    arg [-plugin-opt=-pass-through=-lc] ==> ignore
    arg [-plugin-opt=-pass-through=-lgcc_s] ==> ignore
    arg [-plugin-opt=-pass-through=-lgcc] ==> ignore
    arg [--build-id] ==> ignore
    arg [--no-add-needed] ==> ignore
    arg [--eh-frame-hdr] ==> ignore
    arg [--hash-style=gnu] ==> ignore
    arg [-m] ==> ignore
    arg [elf_x86_64] ==> ignore
    arg [-dynamic-linker] ==> ignore
    arg [/lib64/ld-linux-x86-64.so.2] ==> ignore
    arg [-o] ==> ignore
    arg [cmTC_f4b65] ==> ignore
    arg [/usr/lib/gcc/x86_64-redhat-linux/11/../../../../lib64/crt1.o] ==> ignore
    arg [/usr/lib/gcc/x86_64-redhat-linux/11/../../../../lib64/crti.o] ==> ignore
    arg [/usr/lib/gcc/x86_64-redhat-linux/11/crtbegin.o] ==> ignore
    arg [-L/usr/lib/gcc/x86_64-redhat-linux/11] ==> dir [/usr/lib/gcc/x86_64-redhat-linux/11]
    arg [-L/usr/lib/gcc/x86_64-redhat-linux/11/../../../../lib64] ==> dir [/usr/lib/gcc/x86_64-redhat-linux/11/../../../../lib64]
    arg [-L/lib/../lib64] ==> dir [/lib/../lib64]
    arg [-L/usr/lib/../lib64] ==> dir [/usr/lib/../lib64]
    arg [-L/usr/lib/gcc/x86_64-redhat-linux/11/../../..] ==> dir [/usr/lib/gcc/x86_64-redhat-linux/11/../../..]
    arg [CMakeFiles/cmTC_f4b65.dir/CMakeCXXCompilerABI.cpp.o] ==> ignore
    arg [-lstdc++] ==> lib [stdc++]
    arg [-lm] ==> lib [m]
    arg [-lgcc_s] ==> lib [gcc_s]
    arg [-lgcc] ==> lib [gcc]
    arg [-lc] ==> lib [c]
    arg [-lgcc_s] ==> lib [gcc_s]
    arg [-lgcc] ==> lib [gcc]
    arg [/usr/lib/gcc/x86_64-redhat-linux/11/crtend.o] ==> ignore
    arg [/usr/lib/gcc/x86_64-redhat-linux/11/../../../../lib64/crtn.o] ==> ignore
  collapse library dir [/usr/lib/gcc/x86_64-redhat-linux/11] ==> [/usr/lib/gcc/x86_64-redhat-linux/11]
  collapse library dir [/usr/lib/gcc/x86_64-redhat-linux/11/../../../../lib64] ==> [/usr/lib64]
  collapse library dir [/lib/../lib64] ==> [/lib64]
  collapse library dir [/usr/lib/../lib64] ==> [/usr/lib64]
  collapse library dir [/usr/lib/gcc/x86_64-redhat-linux/11/../../..] ==> [/usr/lib]
  implicit libs: [stdc++;m;gcc_s;gcc;c;gcc_s;gcc]
  implicit dirs: [/usr/lib/gcc/x86_64-redhat-linux/11;/usr/lib64;/lib64;/usr/lib]
  implicit fwks: []


